26/02/2016 14:52:19,418 - Opening WS file C:\DataFlex 18.2 Examples\WebOrder\Programs\Config.ws
26/02/2016 14:52:19,419 - Opening workspace C:\DataFlex 18.2 Examples\WebOrder\Programs\Config.ws
26/02/2016 14:52:19,421 - Start reindexing
26/02/2016 14:52:19,453 - Opening OrdSys (File Number 20)
26/02/2016 14:52:19,472 - Reindexing OrdSys
26/02/2016 14:52:19,475 - Opening Vendor (File Number 21)
26/02/2016 14:52:19,491 - Reindexing Vendor
26/02/2016 14:52:19,503 - Opening Invt (File Number 22)
26/02/2016 14:52:19,511 - Reindexing Invt
26/02/2016 14:52:19,528 - Opening Customer (File Number 25)
26/02/2016 14:52:19,543 - Reindexing Customer
26/02/2016 14:52:19,559 - Opening SalesP (File Number 27)
26/02/2016 14:52:19,577 - Reindexing SalesP
26/02/2016 14:52:19,59 - Opening OrderHea (File Number 30)
26/02/2016 14:52:19,601 - Reindexing OrderHea
26/02/2016 14:52:19,621 - Opening OrderDtl (File Number 31)
26/02/2016 14:52:19,635 - Reindexing OrderDtl
26/02/2016 14:52:19,645 - Opening CodeType (File Number 253)
26/02/2016 14:52:19,656 - Reindexing CodeType
26/02/2016 14:52:19,662 - Opening CodeMast (File Number 254)
26/02/2016 14:52:19,666 - Reindexing CodeMast
26/02/2016 14:52:19,673 - Opening WebAppSession (File Number 263)
26/02/2016 14:52:19,682 - Reindexing WebAppSession
26/02/2016 14:52:19,701 - Opening WebAppUser (File Number 264)
26/02/2016 14:52:19,708 - Reindexing WebAppUser
