26/02/2016 14:52:22,404 - Opening WS file C:\DataFlex 18.2 Examples\Order Entry\Programs\Config.ws
26/02/2016 14:52:22,405 - Opening workspace C:\DataFlex 18.2 Examples\Order Entry\Programs\Config.ws
26/02/2016 14:52:22,408 - Start reindexing
26/02/2016 14:52:22,435 - Opening Users (File Number 19)
26/02/2016 14:52:22,479 - Reindexing Users
26/02/2016 14:52:22,491 - Opening OrdSys (File Number 20)
26/02/2016 14:52:22,509 - Reindexing OrdSys
26/02/2016 14:52:22,51 - Opening Vendor (File Number 21)
26/02/2016 14:52:22,52 - Reindexing Vendor
26/02/2016 14:52:22,531 - Opening Invt (File Number 22)
26/02/2016 14:52:22,549 - Reindexing Invt
26/02/2016 14:52:22,564 - Opening Customer (File Number 25)
26/02/2016 14:52:22,582 - Reindexing Customer
26/02/2016 14:52:22,6 - Opening SalesP (File Number 27)
26/02/2016 14:52:22,631 - Reindexing SalesP
26/02/2016 14:52:22,643 - Opening OrderHea (File Number 30)
26/02/2016 14:52:22,656 - Reindexing OrderHea
26/02/2016 14:52:22,674 - Opening OrderDtl (File Number 31)
26/02/2016 14:52:22,681 - Reindexing OrderDtl
26/02/2016 14:52:22,691 - Opening CodeType (File Number 253)
26/02/2016 14:52:22,702 - Reindexing CodeType
26/02/2016 14:52:22,708 - Opening CodeMast (File Number 254)
26/02/2016 14:52:22,718 - Reindexing CodeMast
